{
  "Unit Tests": {
    "coverage": {
      "/Users/icorson3/turing/1module/projects/black_thursday/lib/sales_engine.rb": [
        1,
        1,
        1,
        1,
        1,
        1,
        1,
        1,
        null,
        1,
        1,
        null,
        null,
        1,
        null,
        15,
        15,
        15,
        15,
        15,
        15,
        15,
        null,
        null,
        null,
        1,
        null,
        15,
        15,
        15,
        15,
        15,
        15,
        null,
        null,
        1,
        15,
        null,
        null,
        null,
        null,
        null,
        null,
        null,
        1,
        3326,
        null,
        null,
        1,
        3800,
        null,
        null,
        1,
        0,
        0,
        null,
        null,
        null,
        1,
        0,
        null,
        null,
        1,
        0,
        null,
        null,
        1,
        0,
        null,
        null,
        1,
        0,
        0,
        null,
        null,
        1,
        null,
        0,
        0,
        null,
        null,
        1,
        null,
        0,
        0,
        null,
        null,
        1,
        0,
        0,
        null,
        null,
        1,
        0,
        0,
        null,
        null,
        null,
        1,
        4,
        null,
        null,
        1,
        14,
        null,
        null,
        1,
        9,
        null,
        null,
        1,
        13,
        null,
        null,
        1,
        5,
        null,
        null,
        1,
        0,
        null,
        null,
        1,
        0,
        null,
        null,
        1,
        3,
        null,
        null,
        1,
        1,
        null,
        null,
        1,
        2,
        null,
        null,
        1,
        3,
        null,
        null,
        1,
        null,
        14,
        2,
        null,
        null,
        1,
        1,
        null,
        2,
        1,
        null,
        null,
        1,
        0,
        null,
        0,
        0,
        null,
        null,
        1,
        0,
        0,
        null,
        null,
        1,
        0,
        0,
        null,
        0,
        null,
        null,
        1,
        0,
        null,
        null,
        1,
        0,
        null,
        null,
        1,
        0,
        null,
        null,
        1,
        0,
        0,
        null,
        null,
        null,
        null
      ],
      "/Users/icorson3/turing/1module/projects/black_thursday/lib/item_repo.rb": [
        1,
        1,
        1,
        1,
        1,
        null,
        1,
        1,
        1,
        15,
        15,
        null,
        null,
        1,
        4,
        null,
        null,
        1,
        15,
        15,
        15,
        null,
        null,
        null,
        1,
        15,
        20505,
        20505,
        20505,
        20505,
        20505,
        20505,
        20505,
        20505,
        20505,
        null,
        null,
        null,
        1,
        null,
        null,
        null,
        null,
        null,
        null,
        null,
        null,
        20505,
        null,
        null,
        1,
        4,
        null,
        null,
        1,
        0,
        null,
        null,
        1,
        0,
        null,
        null,
        1,
        0,
        null,
        null,
        1,
        0,
        null,
        null,
        1,
        0,
        null,
        null,
        1,
        0,
        null,
        null,
        1,
        4549968,
        null,
        null
      ],
      "/Users/icorson3/turing/1module/projects/black_thursday/lib/item.rb": [
        1,
        1,
        1,
        null,
        null,
        1,
        20505,
        20505,
        20505,
        20505,
        20505,
        20505,
        20505,
        20505,
        null,
        null,
        1,
        0,
        null,
        null,
        1,
        0,
        null,
        null,
        null
      ],
      "/Users/icorson3/turing/1module/projects/black_thursday/lib/merchant_repo.rb": [
        1,
        1,
        1,
        null,
        1,
        1,
        null,
        1,
        15,
        15,
        null,
        null,
        1,
        15,
        null,
        15,
        15,
        null,
        null,
        null,
        1,
        15,
        7125,
        7125,
        7125,
        7125,
        7125,
        null,
        null,
        null,
        1,
        null,
        null,
        null,
        null,
        7125,
        null,
        null,
        1,
        14,
        null,
        null,
        1,
        14,
        null,
        null,
        1,
        1425,
        null,
        null,
        1,
        3800,
        null,
        null,
        1,
        0,
        null,
        null,
        1,
        0,
        null,
        null,
        1,
        0,
        null,
        null,
        1,
        0,
        0,
        null,
        null,
        null,
        1,
        0,
        null,
        null,
        1,
        0,
        0,
        null,
        null,
        null,
        1,
        0,
        0,
        null,
        null,
        null,
        1,
        0,
        0,
        null,
        null,
        null,
        1,
        0,
        0,
        null,
        null,
        null,
        null
      ],
      "/Users/icorson3/turing/1module/projects/black_thursday/lib/merchant.rb": [
        1,
        1,
        null,
        1,
        7125,
        7125,
        7125,
        7125,
        null,
        null,
        1,
        1425,
        null,
        null,
        1,
        3800,
        null,
        null,
        1,
        0,
        null,
        null,
        1,
        0,
        null,
        null,
        1,
        null,
        0,
        0,
        null,
        null,
        1,
        0,
        0,
        null,
        null,
        null,
        1,
        0,
        null,
        null,
        1,
        0,
        0,
        null,
        null,
        null
      ],
      "/Users/icorson3/turing/1module/projects/black_thursday/lib/invoice_item_repo.rb": [
        1,
        1,
        1,
        1,
        1,
        null,
        1,
        1,
        1,
        15,
        15,
        null,
        null,
        1,
        15,
        15,
        null,
        15,
        null,
        null,
        null,
        1,
        15,
        327450,
        327450,
        327450,
        327450,
        327450,
        327450,
        327450,
        327450,
        327450,
        null,
        null,
        null,
        1,
        null,
        null,
        null,
        null,
        null,
        null,
        null,
        null,
        327450,
        null,
        null,
        1,
        0,
        null,
        null,
        1,
        0,
        null,
        null,
        1,
        0,
        null,
        null,
        1,
        0,
        0,
        null,
        null,
        null,
        1,
        2,
        43660,
        null,
        null,
        null,
        1,
        0,
        0,
        null,
        null,
        null,
        1,
        0,
        0,
        null,
        0,
        0,
        null,
        null,
        1,
        0,
        0,
        null,
        null,
        null
      ],
      "/Users/icorson3/turing/1module/projects/black_thursday/lib/invoice_item.rb": [
        1,
        1,
        null,
        1,
        327450,
        327450,
        327450,
        327450,
        327450,
        327450,
        327450,
        327450,
        null,
        null
      ],
      "/Users/icorson3/turing/1module/projects/black_thursday/lib/invoice_repo.rb": [
        1,
        1,
        1,
        1,
        1,
        1,
        null,
        1,
        1,
        1,
        15,
        15,
        null,
        null,
        1,
        15,
        15,
        null,
        15,
        null,
        null,
        null,
        1,
        15,
        74775,
        74775,
        74775,
        74775,
        74775,
        74775,
        74775,
        74775,
        null,
        null,
        null,
        1,
        null,
        null,
        null,
        null,
        null,
        null,
        null,
        74775,
        null,
        null,
        1,
        9,
        null,
        null,
        1,
        0,
        null,
        null,
        1,
        0,
        null,
        null,
        1,
        18946800,
        null,
        null,
        1,
        14958,
        null,
        null,
        1,
        9972,
        null,
        null,
        1,
        0,
        null,
        null,
        1,
        0,
        null,
        null,
        1,
        0,
        null,
        null,
        1,
        0,
        null,
        null,
        1,
        0,
        null,
        null,
        1,
        0,
        null,
        null,
        null,
        null,
        null,
        1,
        9,
        null,
        null,
        1,
        29916,
        null,
        null,
        1,
        29916,
        null,
        null,
        1,
        6,
        48,
        6,
        null,
        null,
        1,
        2,
        null,
        null,
        1,
        3,
        24,
        3,
        null,
        null
      ],
      "/Users/icorson3/turing/1module/projects/black_thursday/lib/invoice.rb": [
        1,
        1,
        null,
        null,
        1,
        74775,
        74775,
        74775,
        74775,
        74775,
        74775,
        74775,
        null,
        null,
        1,
        0,
        null,
        null,
        1,
        0,
        null,
        null,
        1,
        0,
        null,
        null,
        1,
        0,
        null,
        null,
        1,
        0,
        null,
        null,
        1,
        0,
        null,
        null,
        1,
        0,
        null,
        0,
        0,
        null,
        null,
        null
      ],
      "/Users/icorson3/turing/1module/projects/black_thursday/lib/transaction_repo.rb": [
        1,
        1,
        1,
        1,
        null,
        null,
        1,
        1,
        1,
        15,
        15,
        null,
        null,
        1,
        15,
        15,
        null,
        15,
        null,
        null,
        null,
        1,
        15,
        74775,
        74775,
        74775,
        74775,
        74775,
        74775,
        74775,
        74775,
        74775,
        null,
        null,
        null,
        1,
        null,
        null,
        null,
        null,
        null,
        null,
        null,
        null,
        74775,
        null,
        null,
        1,
        0,
        null,
        null,
        1,
        0,
        null,
        null,
        1,
        0,
        null,
        null,
        1,
        0,
        0,
        null,
        null,
        null,
        1,
        0,
        0,
        null,
        null,
        null,
        1,
        0,
        null,
        null,
        1,
        0,
        null,
        null,
        null,
        null
      ],
      "/Users/icorson3/turing/1module/projects/black_thursday/lib/transaction.rb": [
        1,
        1,
        null,
        null,
        null,
        1,
        74775,
        74775,
        74775,
        74775,
        74775,
        74775,
        74775,
        74775,
        null,
        null,
        1,
        0,
        null,
        null
      ],
      "/Users/icorson3/turing/1module/projects/black_thursday/lib/customer_repo.rb": [
        1,
        1,
        1,
        1,
        null,
        1,
        1,
        1,
        15,
        15,
        null,
        null,
        1,
        15,
        15,
        null,
        15,
        null,
        null,
        null,
        1,
        15,
        15000,
        15000,
        15000,
        15000,
        15000,
        15000,
        15000,
        null,
        null,
        null,
        1,
        null,
        null,
        null,
        null,
        null,
        null,
        15000,
        null,
        null,
        1,
        0,
        null,
        null,
        1,
        0,
        null,
        null,
        1,
        0,
        0,
        0,
        null,
        null,
        null,
        1,
        0,
        0,
        0,
        null,
        null,
        null,
        1,
        0,
        null,
        null
      ],
      "/Users/icorson3/turing/1module/projects/black_thursday/lib/customer.rb": [
        1,
        1,
        null,
        1,
        15000,
        15000,
        15000,
        15000,
        15000,
        15000,
        null,
        null,
        1,
        0,
        null,
        null
      ],
      "/Users/icorson3/turing/1module/projects/black_thursday/lib/sales_analyst.rb": [
        1,
        null,
        1,
        null,
        1,
        1,
        15,
        null,
        null,
        1,
        4,
        null,
        null,
        1,
        2,
        2,
        950,
        null,
        2,
        950,
        2,
        null,
        2,
        null,
        null,
        1,
        1901,
        null,
        1901,
        5471,
        null,
        null,
        1901,
        null,
        null,
        1,
        1,
        1,
        1,
        null,
        1,
        475,
        null,
        null,
        null,
        1,
        4,
        4,
        1900,
        null,
        4,
        null,
        null,
        1,
        2,
        null,
        2,
        2734,
        2,
        null,
        2,
        null,
        null,
        1,
        4,
        5468,
        null,
        null,
        null,
        1,
        1,
        1,
        1,
        1367,
        null,
        null,
        null,
        1,
        6,
        null,
        null,
        1,
        3,
        3,
        1425,
        3,
        null,
        3,
        null,
        null,
        1,
        9,
        null,
        null,
        1,
        6,
        2850,
        null,
        null,
        null,
        1,
        1,
        1,
        1,
        475,
        null,
        null,
        null,
        1,
        1,
        1,
        1,
        475,
        null,
        null,
        null,
        1,
        2,
        2,
        2,
        14,
        2,
        null,
        2,
        null,
        null,
        1,
        1,
        1,
        1,
        1,
        7,
        null,
        1,
        null,
        null,
        1,
        3,
        3,
        3,
        null,
        null,
        1,
        1,
        null,
        null,
        1,
        0,
        null,
        null,
        1,
        0,
        null,
        null,
        1,
        0,
        null,
        null,
        1,
        0,
        null,
        null,
        1,
        0,
        null,
        null,
        1,
        0,
        null,
        null
      ]
    },
    "timestamp": 1461798569
  },
  "RSpec": {
    "coverage": {
      "/Users/icorson3/turing/1module/projects/black_thursday/test/transaction_repo_test.rb": [
        1,
        1,
        1,
        1,
        1,
        null,
        1,
        1,
        1,
        0,
        null,
        null,
        null,
        null,
        null,
        null,
        null,
        0,
        null,
        null,
        1,
        0,
        null,
        null,
        1,
        0,
        null,
        null,
        1,
        0,
        null,
        null,
        1,
        0,
        null,
        null,
        1,
        0,
        null,
        null,
        1,
        0,
        null,
        null,
        1,
        0,
        null,
        null,
        1,
        0,
        null,
        null,
        1,
        0,
        null,
        null,
        1,
        0,
        null,
        null,
        1,
        0,
        null,
        null,
        null,
        null
      ],
      "/Users/icorson3/turing/1module/projects/black_thursday/test/transaction_test.rb": [
        1,
        1,
        1,
        1,
        1,
        null,
        1,
        1,
        1,
        0,
        null,
        null,
        null,
        null,
        null,
        null,
        null,
        0,
        null,
        null,
        null,
        null,
        null,
        null,
        null,
        null,
        null,
        null,
        1,
        0,
        null,
        null,
        1,
        0,
        null,
        null,
        1,
        0,
        null,
        null,
        1,
        0,
        null,
        null,
        1,
        0,
        null,
        null,
        1,
        0,
        null,
        1,
        0,
        null,
        null,
        1,
        0,
        null,
        null,
        1,
        0,
        0,
        null,
        null
      ]
    },
    "timestamp": 1461821103
  }
}
